<testsuites id="" name="" tests="1" failures="0" skipped="0" errors="0" time="11.415139000000002">
<testsuite name="admin-portal-prod.spec.js" timestamp="2026-07-30T19:27:34.600Z" hostname="chromium" tests="1" failures="0" skipped="0" time="5.617" errors="0">
<testcase name="Verify Production TurboFix Admin Control Room login &amp; Supabase Edge Function integration" classname="admin-portal-prod.spec.js" time="5.617">
<system-out>
<![CDATA[Navigating to live production Admin Portal: https://turbofix.co.in/admin.html ...
Waiting for Supabase Edge Control Gateway live production data...
Found 7 registered plant company workspaces in Production Control Room.
Saved screenshot to admin-portal-prod-playwright.png
]]>
</system-out>
</testcase>
</testsuite>
</testsuites>